<?xml version="1.0" encoding="UTF-8"?>
<!-- Generated by org.testng.reporters.JUnitReportReporter -->
<testsuite hostname="raza" failures="0" tests="1" name="reqres.serialisationDeserialisation.DeseriallisationTest" time="0.371" errors="0" timestamp="2023-06-01T16:12:40 IST" skipped="0">
  <testcase classname="reqres.serialisationDeserialisation.DeseriallisationTest" name="deserialisation" time="0.371"/>
  <system-out/>
</testsuite> <!-- reqres.serialisationDeserialisation.DeseriallisationTest -->
