<?xml version="1.0" encoding="UTF-8"?>
<!-- Generated by org.testng.reporters.JUnitReportReporter -->
<testsuite hostname="raza" failures="0" tests="1" name="reqres.CRUDOpertions.GetAllUsersTest" time="2.844" errors="0" timestamp="2023-06-27T11:23:24 IST" skipped="0">
  <testcase classname="reqres.CRUDOpertions.GetAllUsersTest" name="getAllUsersTest" time="2.844"/>
  <system-out/>
</testsuite> <!-- reqres.CRUDOpertions.GetAllUsersTest -->
