<?xml version="1.0" encoding="UTF-8"?>
<!-- Generated by org.testng.reporters.JUnitReportReporter -->
<testsuite hostname="raza" failures="0" tests="1" name="reqres.ResponseValidation.requestChainingGetAndDelete" time="5.189" errors="0" timestamp="2023-06-27T11:02:09 IST" skipped="0">
  <testcase classname="reqres.ResponseValidation.requestChainingGetAndDelete" name="getAndDeleteUSerTest" time="5.189"/>
  <system-out/>
</testsuite> <!-- reqres.ResponseValidation.requestChainingGetAndDelete -->
