<?xml version="1.0" encoding="UTF-8"?>
<!-- Generated by org.testng.reporters.JUnitReportReporter -->
<testsuite hostname="raza" failures="0" tests="1" name="reqres.CRUDOpertions.CreateUsertest" time="4.183" errors="0" timestamp="2023-06-27T18:57:59 IST" skipped="0">
  <testcase classname="reqres.CRUDOpertions.CreateUsertest" name="CreateUserTest" time="4.183"/>
  <system-out/>
</testsuite> <!-- reqres.CRUDOpertions.CreateUsertest -->
