<?xml version="1.0" encoding="UTF-8"?>
<!-- Generated by org.testng.reporters.JUnitReportReporter -->
<testsuite hostname="raza" failures="0" tests="1" name="reqres.serialisationDeserialisation.serialisationTest" time="0.384" errors="0" timestamp="2023-06-27T11:01:46 IST" skipped="0">
  <testcase classname="reqres.serialisationDeserialisation.serialisationTest" name="serialisation" time="0.384"/>
  <system-out/>
</testsuite> <!-- reqres.serialisationDeserialisation.serialisationTest -->
